  main.cpp
d:\_cursuri\_anul_3_2015-2016\egc\tema3\tema3_egc\water-simulation-opengl-\tema3_egc\main.cpp(179): warning C4244: '-=': conversion from 'GLdouble' to 'float', possible loss of data
d:\_cursuri\_anul_3_2015-2016\egc\tema3\tema3_egc\water-simulation-opengl-\tema3_egc\main.cpp(192): warning C4244: '=': conversion from 'GLdouble' to 'GLfloat', possible loss of data
d:\_cursuri\_anul_3_2015-2016\egc\tema3\tema3_egc\water-simulation-opengl-\tema3_egc\main.cpp(193): warning C4244: '=': conversion from 'GLdouble' to 'GLfloat', possible loss of data
d:\_cursuri\_anul_3_2015-2016\egc\tema3\tema3_egc\water-simulation-opengl-\tema3_egc\main.cpp(197): warning C4244: 'initializing': conversion from 'GLdouble' to 'GLfloat', possible loss of data
d:\_cursuri\_anul_3_2015-2016\egc\tema3\tema3_egc\water-simulation-opengl-\tema3_egc\main.cpp(198): warning C4244: 'initializing': conversion from 'GLdouble' to 'GLfloat', possible loss of data
d:\_cursuri\_anul_3_2015-2016\egc\tema3\tema3_egc\water-simulation-opengl-\tema3_egc\main.cpp(199): warning C4244: '=': conversion from 'GLdouble' to 'GLfloat', possible loss of data
d:\_cursuri\_anul_3_2015-2016\egc\tema3\tema3_egc\water-simulation-opengl-\tema3_egc\main.cpp(200): warning C4244: '=': conversion from 'GLdouble' to 'GLfloat', possible loss of data
d:\_cursuri\_anul_3_2015-2016\egc\tema3\tema3_egc\water-simulation-opengl-\tema3_egc\main.cpp(211): warning C4244: 'argument': conversion from 'GLdouble' to 'float', possible loss of data
d:\_cursuri\_anul_3_2015-2016\egc\tema3\tema3_egc\water-simulation-opengl-\tema3_egc\main.cpp(212): warning C4244: 'argument': conversion from 'GLdouble' to 'float', possible loss of data
d:\_cursuri\_anul_3_2015-2016\egc\tema3\tema3_egc\water-simulation-opengl-\tema3_egc\main.cpp(213): warning C4244: 'argument': conversion from 'GLdouble' to 'float', possible loss of data
d:\_cursuri\_anul_3_2015-2016\egc\tema3\tema3_egc\water-simulation-opengl-\tema3_egc\main.cpp(214): warning C4244: 'argument': conversion from 'GLdouble' to 'float', possible loss of data
d:\_cursuri\_anul_3_2015-2016\egc\tema3\tema3_egc\water-simulation-opengl-\tema3_egc\main.cpp(215): warning C4244: 'argument': conversion from 'GLdouble' to 'float', possible loss of data
d:\_cursuri\_anul_3_2015-2016\egc\tema3\tema3_egc\water-simulation-opengl-\tema3_egc\main.cpp(216): warning C4244: 'argument': conversion from 'GLdouble' to 'float', possible loss of data
d:\_cursuri\_anul_3_2015-2016\egc\tema3\tema3_egc\water-simulation-opengl-\tema3_egc\main.cpp(218): warning C4244: 'argument': conversion from 'GLdouble' to 'GLfloat', possible loss of data
d:\_cursuri\_anul_3_2015-2016\egc\tema3\tema3_egc\water-simulation-opengl-\tema3_egc\main.cpp(219): warning C4244: 'argument': conversion from 'GLdouble' to 'GLfloat', possible loss of data
d:\_cursuri\_anul_3_2015-2016\egc\tema3\tema3_egc\water-simulation-opengl-\tema3_egc\main.cpp(220): warning C4244: 'argument': conversion from 'GLdouble' to 'GLfloat', possible loss of data
d:\_cursuri\_anul_3_2015-2016\egc\tema3\tema3_egc\water-simulation-opengl-\tema3_egc\main.cpp(221): warning C4244: 'argument': conversion from 'GLdouble' to 'GLfloat', possible loss of data
d:\_cursuri\_anul_3_2015-2016\egc\tema3\tema3_egc\water-simulation-opengl-\tema3_egc\main.cpp(222): warning C4244: 'argument': conversion from 'GLdouble' to 'GLfloat', possible loss of data
d:\_cursuri\_anul_3_2015-2016\egc\tema3\tema3_egc\water-simulation-opengl-\tema3_egc\main.cpp(223): warning C4244: 'argument': conversion from 'GLdouble' to 'GLfloat', possible loss of data
  Texture.cpp
  Shader.cpp
d:\_cursuri\_anul_3_2015-2016\egc\tema3\tema3_egc\water-simulation-opengl-\tema3_egc\shader.cpp(10): warning C4244: 'argument': conversion from 'std::streamoff' to 'unsigned int', possible loss of data
  Mesh.cpp
  GameObject.cpp
  Game.cpp
  Camera.cpp
  Generating Code...
  SOIL.lib(SOIL.obj) : MSIL .netmodule or module compiled with /GL found; restarting link with /LTCG; add /LTCG to the link command line to improve linker performance
LINK : warning LNK4075: ignoring '/INCREMENTAL' due to '/LTCG' specification
Camera.obj : warning LNK4075: ignoring '/EDITANDCONTINUE' due to '/OPT:LBR' specification
LINK : warning LNK4098: defaultlib 'LIBCMT' conflicts with use of other libs; use /NODEFAULTLIB:library
LINK : warning LNK4098: defaultlib 'MSVCRT' conflicts with use of other libs; use /NODEFAULTLIB:library
  Generating code
  Finished generating code
glfw3.lib(context.obj) : warning LNK4099: PDB 'glfw.pdb' was not found with 'glfw3.lib(context.obj)' or at 'D:\_Cursuri\_Anul_3_2015-2016\EGC\Tema3\Tema3_EGC\Water-Simulation-OpenGL-\Debug\glfw.pdb'; linking object as if no debug info
glfw3.lib(init.obj) : warning LNK4099: PDB 'glfw.pdb' was not found with 'glfw3.lib(init.obj)' or at 'D:\_Cursuri\_Anul_3_2015-2016\EGC\Tema3\Tema3_EGC\Water-Simulation-OpenGL-\Debug\glfw.pdb'; linking object as if no debug info
glfw3.lib(input.obj) : warning LNK4099: PDB 'glfw.pdb' was not found with 'glfw3.lib(input.obj)' or at 'D:\_Cursuri\_Anul_3_2015-2016\EGC\Tema3\Tema3_EGC\Water-Simulation-OpenGL-\Debug\glfw.pdb'; linking object as if no debug info
glfw3.lib(monitor.obj) : warning LNK4099: PDB 'glfw.pdb' was not found with 'glfw3.lib(monitor.obj)' or at 'D:\_Cursuri\_Anul_3_2015-2016\EGC\Tema3\Tema3_EGC\Water-Simulation-OpenGL-\Debug\glfw.pdb'; linking object as if no debug info
glfw3.lib(window.obj) : warning LNK4099: PDB 'glfw.pdb' was not found with 'glfw3.lib(window.obj)' or at 'D:\_Cursuri\_Anul_3_2015-2016\EGC\Tema3\Tema3_EGC\Water-Simulation-OpenGL-\Debug\glfw.pdb'; linking object as if no debug info
glfw3.lib(win32_init.obj) : warning LNK4099: PDB 'glfw.pdb' was not found with 'glfw3.lib(win32_init.obj)' or at 'D:\_Cursuri\_Anul_3_2015-2016\EGC\Tema3\Tema3_EGC\Water-Simulation-OpenGL-\Debug\glfw.pdb'; linking object as if no debug info
glfw3.lib(win32_monitor.obj) : warning LNK4099: PDB 'glfw.pdb' was not found with 'glfw3.lib(win32_monitor.obj)' or at 'D:\_Cursuri\_Anul_3_2015-2016\EGC\Tema3\Tema3_EGC\Water-Simulation-OpenGL-\Debug\glfw.pdb'; linking object as if no debug info
glfw3.lib(win32_time.obj) : warning LNK4099: PDB 'glfw.pdb' was not found with 'glfw3.lib(win32_time.obj)' or at 'D:\_Cursuri\_Anul_3_2015-2016\EGC\Tema3\Tema3_EGC\Water-Simulation-OpenGL-\Debug\glfw.pdb'; linking object as if no debug info
glfw3.lib(win32_tls.obj) : warning LNK4099: PDB 'glfw.pdb' was not found with 'glfw3.lib(win32_tls.obj)' or at 'D:\_Cursuri\_Anul_3_2015-2016\EGC\Tema3\Tema3_EGC\Water-Simulation-OpenGL-\Debug\glfw.pdb'; linking object as if no debug info
glfw3.lib(win32_window.obj) : warning LNK4099: PDB 'glfw.pdb' was not found with 'glfw3.lib(win32_window.obj)' or at 'D:\_Cursuri\_Anul_3_2015-2016\EGC\Tema3\Tema3_EGC\Water-Simulation-OpenGL-\Debug\glfw.pdb'; linking object as if no debug info
glfw3.lib(winmm_joystick.obj) : warning LNK4099: PDB 'glfw.pdb' was not found with 'glfw3.lib(winmm_joystick.obj)' or at 'D:\_Cursuri\_Anul_3_2015-2016\EGC\Tema3\Tema3_EGC\Water-Simulation-OpenGL-\Debug\glfw.pdb'; linking object as if no debug info
glfw3.lib(wgl_context.obj) : warning LNK4099: PDB 'glfw.pdb' was not found with 'glfw3.lib(wgl_context.obj)' or at 'D:\_Cursuri\_Anul_3_2015-2016\EGC\Tema3\Tema3_EGC\Water-Simulation-OpenGL-\Debug\glfw.pdb'; linking object as if no debug info
glew32s.lib(glew.obj) : warning LNK4099: PDB 'vc120.pdb' was not found with 'glew32s.lib(glew.obj)' or at 'D:\_Cursuri\_Anul_3_2015-2016\EGC\Tema3\Tema3_EGC\Water-Simulation-OpenGL-\Debug\vc120.pdb'; linking object as if no debug info
  Tema3_EGC.vcxproj -> D:\_Cursuri\_Anul_3_2015-2016\EGC\Tema3\Tema3_EGC\Water-Simulation-OpenGL-\Debug\Tema3_EGC.exe
